Determining if the pthread_create exist failed with the following output:
Change Dir: /home/alex/dai/drones4life_integration/src/mapviz/mapviz_plugins-build/CMakeFiles/CMakeTmp

Run Build Command:"/usr/bin/make" "cmTC_cc6be/fast"
/usr/bin/make -f CMakeFiles/cmTC_cc6be.dir/build.make CMakeFiles/cmTC_cc6be.dir/build
make[1]: Verzeichnis „/home/alex/dai/drones4life_integration/src/mapviz/mapviz_plugins-build/CMakeFiles/CMakeTmp“ wird betreten
Building C object CMakeFiles/cmTC_cc6be.dir/CheckSymbolExists.c.o
/usr/bin/cc     -o CMakeFiles/cmTC_cc6be.dir/CheckSymbolExists.c.o   -c /home/alex/dai/drones4life_integration/src/mapviz/mapviz_plugins-build/CMakeFiles/CMakeTmp/CheckSymbolExists.c
Linking C executable cmTC_cc6be
/usr/bin/cmake -E cmake_link_script CMakeFiles/cmTC_cc6be.dir/link.txt --verbose=1
/usr/bin/cc       CMakeFiles/cmTC_cc6be.dir/CheckSymbolExists.c.o  -o cmTC_cc6be -rdynamic 
CMakeFiles/cmTC_cc6be.dir/CheckSymbolExists.c.o: In Funktion `main':
CheckSymbolExists.c:(.text+0x16): Nicht definierter Verweis auf `pthread_create'
collect2: error: ld returned 1 exit status
CMakeFiles/cmTC_cc6be.dir/build.make:97: die Regel für Ziel „cmTC_cc6be“ scheiterte
make[1]: *** [cmTC_cc6be] Fehler 1
make[1]: Verzeichnis „/home/alex/dai/drones4life_integration/src/mapviz/mapviz_plugins-build/CMakeFiles/CMakeTmp“ wird verlassen
Makefile:126: die Regel für Ziel „cmTC_cc6be/fast“ scheiterte
make: *** [cmTC_cc6be/fast] Fehler 2

File /home/alex/dai/drones4life_integration/src/mapviz/mapviz_plugins-build/CMakeFiles/CMakeTmp/CheckSymbolExists.c:
/* */
#include <pthread.h>

int main(int argc, char** argv)
{
  (void)argv;
#ifndef pthread_create
  return ((int*)(&pthread_create))[argc];
#else
  (void)argc;
  return 0;
#endif
}

Determining if the function pthread_create exists in the pthreads failed with the following output:
Change Dir: /home/alex/dai/drones4life_integration/src/mapviz/mapviz_plugins-build/CMakeFiles/CMakeTmp

Run Build Command:"/usr/bin/make" "cmTC_5d124/fast"
/usr/bin/make -f CMakeFiles/cmTC_5d124.dir/build.make CMakeFiles/cmTC_5d124.dir/build
make[1]: Verzeichnis „/home/alex/dai/drones4life_integration/src/mapviz/mapviz_plugins-build/CMakeFiles/CMakeTmp“ wird betreten
Building C object CMakeFiles/cmTC_5d124.dir/CheckFunctionExists.c.o
/usr/bin/cc    -DCHECK_FUNCTION_EXISTS=pthread_create   -o CMakeFiles/cmTC_5d124.dir/CheckFunctionExists.c.o   -c /usr/share/cmake-3.5/Modules/CheckFunctionExists.c
Linking C executable cmTC_5d124
/usr/bin/cmake -E cmake_link_script CMakeFiles/cmTC_5d124.dir/link.txt --verbose=1
/usr/bin/cc   -DCHECK_FUNCTION_EXISTS=pthread_create    CMakeFiles/cmTC_5d124.dir/CheckFunctionExists.c.o  -o cmTC_5d124 -rdynamic -lpthreads 
/usr/bin/ld: cannot find -lpthreads
collect2: error: ld returned 1 exit status
CMakeFiles/cmTC_5d124.dir/build.make:97: die Regel für Ziel „cmTC_5d124“ scheiterte
make[1]: *** [cmTC_5d124] Fehler 1
make[1]: Verzeichnis „/home/alex/dai/drones4life_integration/src/mapviz/mapviz_plugins-build/CMakeFiles/CMakeTmp“ wird verlassen
Makefile:126: die Regel für Ziel „cmTC_5d124/fast“ scheiterte
make: *** [cmTC_5d124/fast] Fehler 2


